#
# There is insufficient memory for the Java Runtime Environment to continue.
# Native memory allocation (mmap) failed to map 2147483648 bytes for G1 virtual space
# Possible reasons:
#   The system is out of physical RAM or swap space
#   The process is running with CompressedOops enabled, and the Java Heap may be blocking the growth of the native heap
# Possible solutions:
#   Reduce memory load on the system
#   Increase physical memory or swap space
#   Check if swap backing store is full
#   Decrease Java heap size (-Xmx/-Xms)
#   Decrease number of Java threads
#   Decrease Java thread stack sizes (-Xss)
#   Set larger code cache with -XX:ReservedCodeCacheSize=
#   JVM is running with Zero Based Compressed Oops mode in which the Java heap is
#     placed in the first 32GB address space. The Java Heap base address is the
#     maximum limit for the native heap growth. Please use -XX:HeapBaseMinAddress
#     to set the Java Heap base and to place the Java Heap above 32GB virtual address.
# This output file may be truncated or incomplete.
#
#  Out of Memory Error (os_windows.cpp:3600), pid=16228, tid=15764
#
# JRE version:  (21.0.2+13) (build )
# Java VM: Java HotSpot(TM) 64-Bit Server VM (21.0.2+13-LTS-58, mixed mode, sharing, tiered, compressed oops, compressed class ptrs, g1 gc, windows-amd64)
# No core dump will be written. Minidumps are not enabled by default on client versions of Windows
#

---------------  S U M M A R Y ------------

Command Line: -Dtalend.component.manager.m2.repository=C:\Talend\execucao_local\dw_t_produto_ranking_0.1\dw_t_produto_ranking/../lib -Xms2G -Xmx4G palacio_ferramentas.dw_t_produto_ranking_0_1.dw_t_produto_ranking --context=Default

Host: Intel(R) Core(TM) i7-3770 CPU @ 3.40GHz, 8 cores, 7G,  Windows 10 , 64 bit Build 19041 (10.0.19041.3636)
Time: Wed Jul 31 15:15:35 2024 Hora oficial do Brasil elapsed time: 5.119208 seconds (0d 0h 0m 5s)

---------------  T H R E A D  ---------------

Current thread (0x000002a132dea320):  JavaThread "Unknown thread" [_thread_in_vm, id=15764, stack(0x000000e0d4e00000,0x000000e0d4f00000) (1024K)]

Stack: [0x000000e0d4e00000,0x000000e0d4f00000]
Native frames: (J=compiled Java code, j=interpreted, Vv=VM code, C=native code)
V  [jvm.dll+0x6cade9]
V  [jvm.dll+0x8569c1]
V  [jvm.dll+0x858d2e]
V  [jvm.dll+0x859413]
V  [jvm.dll+0x280e56]
V  [jvm.dll+0x6c74d5]
V  [jvm.dll+0x6bbeca]
V  [jvm.dll+0x355bca]
V  [jvm.dll+0x35d816]
V  [jvm.dll+0x3ae67e]
V  [jvm.dll+0x3ae928]
V  [jvm.dll+0x3295dc]
V  [jvm.dll+0x32a16b]
V  [jvm.dll+0x81efa9]
V  [jvm.dll+0x3bba01]
V  [jvm.dll+0x807928]
V  [jvm.dll+0x44f50e]
V  [jvm.dll+0x450e11]
C  [jli.dll+0x52a3]
C  [ucrtbase.dll+0x21bb2]
C  [KERNEL32.DLL+0x17344]
C  [ntdll.dll+0x526b1]


---------------  P R O C E S S  ---------------

Threads class SMR info:
_java_thread_list=0x00007ff998b4bb88, length=0, elements={
}

Java Threads: ( => current thread )
Total: 0

Other Threads:
  0x000002a134fbfb70 WorkerThread "GC Thread#0"                     [id=15632, stack(0x000000e0d4f00000,0x000000e0d5000000) (1024K)]
  0x000002a134fd0a60 ConcurrentGCThread "G1 Main Marker"            [id=15892, stack(0x000000e0d5000000,0x000000e0d5100000) (1024K)]
  0x000002a134fd1470 WorkerThread "G1 Conc#0"                       [id=13696, stack(0x000000e0d5100000,0x000000e0d5200000) (1024K)]

[error occurred during error reporting (printing all threads), id 0xc0000005, EXCEPTION_ACCESS_VIOLATION (0xc0000005) at pc=0x00007ff9982bc6a7]
VM state: not at safepoint (not fully initialized)

VM Mutex/Monitor currently owned by a thread:  ([mutex/lock_event])
[0x00007ff998bbce68] Heap_lock - owner thread: 0x000002a132dea320

Heap address: 0x0000000700000000, size: 4096 MB, Compressed Oops mode: Zero based, Oop shift amount: 3

CDS archive(s) mapped at: [0x0000000000000000-0x0000000000000000-0x0000000000000000), size 0, SharedBaseAddress: 0x0000000800000000, ArchiveRelocationMode: 1.
Narrow klass base: 0x0000000000000000, Narrow klass shift: 0, Narrow klass range: 0x0

GC Precious Log:
 CardTable entry size: 512
 Card Set container configuration: InlinePtr #cards 4 size 8 Array Of Cards #cards 16 size 48 Howl #buckets 8 coarsen threshold 3686 Howl Bitmap #cards 512 size 80 coarsen threshold 460 Card regions per heap region 1 cards per card region 4096

Heap:
 garbage-first heap   total 0K, used 0K [0x0000000700000000, 0x0000000800000000)
  region size 2048K, 0 young (0K), 0 survivors (0K)

[error occurred during error reporting (printing heap information), id 0xc0000005, EXCEPTION_ACCESS_VIOLATION (0xc0000005) at pc=0x00007ff9986a39f9]
GC Heap History (0 events):
No events

Dll operation events (1 events):
Event: 3.260 Loaded shared library C:\Program Files\Java\jdk-21\bin\java.dll

Deoptimization events (0 events):
No events

Classes loaded (0 events):
No events

Classes unloaded (0 events):
No events

Classes redefined (0 events):
No events

Internal exceptions (0 events):
No events

ZGC Phase Switch (0 events):
No events

VM Operations (0 events):
No events

Events (0 events):
No events


Dynamic libraries:
0x00007ff6b3580000 - 0x00007ff6b3590000 	C:\Program Files\Java\jdk-21\bin\java.exe
0x00007ff9defb0000 - 0x00007ff9df1a8000 	C:\Windows\SYSTEM32\ntdll.dll
0x00007ff9de6e0000 - 0x00007ff9de79d000 	C:\Windows\System32\KERNEL32.DLL
0x00007ff9dca80000 - 0x00007ff9dcd76000 	C:\Windows\System32\KERNELBASE.dll
0x00007ff9dc820000 - 0x00007ff9dc920000 	C:\Windows\System32\ucrtbase.dll
0x00007ff9d9dc0000 - 0x00007ff9d9ddb000 	C:\Program Files\Java\jdk-21\bin\VCRUNTIME140.dll
0x00007ff9d9e50000 - 0x00007ff9d9e69000 	C:\Program Files\Java\jdk-21\bin\jli.dll
0x00007ff9dd470000 - 0x00007ff9dd520000 	C:\Windows\System32\ADVAPI32.dll
0x00007ff9dd080000 - 0x00007ff9dd11e000 	C:\Windows\System32\msvcrt.dll
0x00007ff9ded80000 - 0x00007ff9dee20000 	C:\Windows\System32\sechost.dll
0x00007ff9de9b0000 - 0x00007ff9dead5000 	C:\Windows\System32\RPCRT4.dll
0x00007ff9dce20000 - 0x00007ff9dce47000 	C:\Windows\System32\bcrypt.dll
0x00007ff9dd2d0000 - 0x00007ff9dd46e000 	C:\Windows\System32\USER32.dll
0x00007ff9dc660000 - 0x00007ff9dc682000 	C:\Windows\System32\win32u.dll
0x00007ff9de980000 - 0x00007ff9de9ab000 	C:\Windows\System32\GDI32.dll
0x00007ff9dc690000 - 0x00007ff9dc7a7000 	C:\Windows\System32\gdi32full.dll
0x00007ff9dcd80000 - 0x00007ff9dce1d000 	C:\Windows\System32\msvcp_win.dll
0x00007ff9db9d0000 - 0x00007ff9dbc6a000 	C:\Windows\WinSxS\amd64_microsoft.windows.common-controls_6595b64144ccf1df_6.0.19041.3636_none_60b6a03d71f818d5\COMCTL32.dll
0x00007ff9d44f0000 - 0x00007ff9d44fa000 	C:\Windows\SYSTEM32\VERSION.dll
0x00007ff9dd040000 - 0x00007ff9dd072000 	C:\Windows\System32\IMM32.DLL
0x00007ff9d9ea0000 - 0x00007ff9d9eac000 	C:\Program Files\Java\jdk-21\bin\vcruntime140_1.dll
0x00007ff9bae60000 - 0x00007ff9baeee000 	C:\Program Files\Java\jdk-21\bin\msvcp140.dll
0x00007ff997f80000 - 0x00007ff998c97000 	C:\Program Files\Java\jdk-21\bin\server\jvm.dll
0x00007ff9def00000 - 0x00007ff9def6b000 	C:\Windows\System32\WS2_32.dll
0x00007ff9dc4c0000 - 0x00007ff9dc50b000 	C:\Windows\SYSTEM32\POWRPROF.dll
0x00007ff9d2e70000 - 0x00007ff9d2e97000 	C:\Windows\SYSTEM32\WINMM.dll
0x00007ff9dc4a0000 - 0x00007ff9dc4b2000 	C:\Windows\SYSTEM32\UMPDC.dll
0x00007ff9d9550000 - 0x00007ff9d9562000 	C:\Windows\SYSTEM32\kernel.appcore.dll
0x00007ff9d9d70000 - 0x00007ff9d9d7a000 	C:\Program Files\Java\jdk-21\bin\jimage.dll
0x00007ff9dbf70000 - 0x00007ff9dc154000 	C:\Windows\SYSTEM32\DBGHELP.DLL
0x00007ff9dbd80000 - 0x00007ff9dbdb4000 	C:\Windows\SYSTEM32\dbgcore.DLL
0x00007ff9dcf50000 - 0x00007ff9dcfd2000 	C:\Windows\System32\bcryptPrimitives.dll
0x00007ff9cea10000 - 0x00007ff9cea2f000 	C:\Program Files\Java\jdk-21\bin\java.dll

dbghelp: loaded successfully - version: 4.0.5 - missing functions: none
symbol engine: initialized successfully - sym options: 0x614 - pdb path: .;C:\Program Files\Java\jdk-21\bin;C:\Windows\SYSTEM32;C:\Windows\WinSxS\amd64_microsoft.windows.common-controls_6595b64144ccf1df_6.0.19041.3636_none_60b6a03d71f818d5;C:\Program Files\Java\jdk-21\bin\server

VM Arguments:
jvm_args: -Dtalend.component.manager.m2.repository=C:\Talend\execucao_local\dw_t_produto_ranking_0.1\dw_t_produto_ranking/../lib -Xms2G -Xmx4G 
java_command: palacio_ferramentas.dw_t_produto_ranking_0_1.dw_t_produto_ranking --context=Default
java_class_path (initial): .;../lib/routines.jar;../lib/log4j-slf4j-impl-2.17.1.jar;../lib/log4j-api-2.17.1.jar;../lib/log4j-core-2.17.1.jar;../lib/log4j-1.2-api-2.17.1.jar;../lib/commons-collections-3.2.2.jar;../lib/mysql-connector-java-5.1.49.jar;../lib/postgresql-42.6.0.jar;../lib/jboss-marshalling-2.0.12.Final.jar;../lib/thashfile-3.1-20190910.jar;../lib/crypto-utils-7.0.5.jar;../lib/slf4j-api-1.7.34.jar;../lib/advancedPersistentLookupLib.jar;../lib/dom4j-2.1.3.jar;../lib/trove.jar;../lib/jboss-marshalling-river-2.0.12.Final.jar;dw_t_produto_ranking_0_1.jar;
Launcher Type: SUN_STANDARD

[Global flags]
     intx CICompilerCount                          = 4                                         {product} {ergonomic}
     uint ConcGCThreads                            = 2                                         {product} {ergonomic}
     uint G1ConcRefinementThreads                  = 8                                         {product} {ergonomic}
   size_t G1HeapRegionSize                         = 2097152                                   {product} {ergonomic}
    uintx GCDrainStackTargetSize                   = 64                                        {product} {ergonomic}
   size_t InitialHeapSize                          = 2147483648                                {product} {command line}
   size_t MarkStackSize                            = 4194304                                   {product} {ergonomic}
   size_t MaxHeapSize                              = 4294967296                                {product} {command line}
   size_t MinHeapDeltaBytes                        = 2097152                                   {product} {ergonomic}
   size_t MinHeapSize                              = 2147483648                                {product} {command line}
    uintx NonNMethodCodeHeapSize                   = 5839372                                {pd product} {ergonomic}
    uintx NonProfiledCodeHeapSize                  = 122909434                              {pd product} {ergonomic}
     bool PerfDisableSharedMem                     = true                                      {product} {ergonomic}
    uintx ProfiledCodeHeapSize                     = 122909434                              {pd product} {ergonomic}
    uintx ReservedCodeCacheSize                    = 251658240                              {pd product} {ergonomic}
     bool SegmentedCodeCache                       = true                                      {product} {ergonomic}
   size_t SoftMaxHeapSize                          = 4294967296                             {manageable} {ergonomic}
     bool UseCompressedOops                        = true                           {product lp64_product} {ergonomic}
     bool UseG1GC                                  = true                                      {product} {ergonomic}
     bool UseLargePagesIndividualAllocation        = false                                  {pd product} {ergonomic}

Logging:
Log output configuration:
 #0: stdout all=warning uptime,level,tags foldmultilines=false
 #1: stderr all=off uptime,level,tags foldmultilines=false

Environment Variables:
PATH=C:\Program Files\Common Files\Oracle\Java\javapath;C:\Program Files (x86)\Common Files\Oracle\Java\javapath;C:\Windows\system32;C:\Windows;C:\Windows\System32\Wbem;C:\Windows\System32\WindowsPowerShell\v1.0\;C:\Windows\System32\OpenSSH\;C:\Program Files\Git\cmd;C:\Users\datawarehouse\AppData\Local\Microsoft\WindowsApps
USERNAME=datawarehouse
OS=Windows_NT
PROCESSOR_IDENTIFIER=Intel64 Family 6 Model 58 Stepping 9, GenuineIntel
TMP=C:\Users\DATAWA~1\AppData\Local\Temp
TEMP=C:\Users\DATAWA~1\AppData\Local\Temp




Periodic native trim disabled

---------------  S Y S T E M  ---------------

OS:
 Windows 10 , 64 bit Build 19041 (10.0.19041.3636)
OS uptime: 34 days 22:03 hours

CPU: total 8 (initial active 8) (4 cores per cpu, 2 threads per core) family 6 model 58 stepping 9 microcode 0x21, cx8, cmov, fxsr, ht, mmx, sse, sse2, sse3, ssse3, sse4.1, sse4.2, popcnt, tsc, tscinvbit, avx, aes, erms, clmul, vzeroupper, clflush, rdtscp, f16c
Processor Information for all 8 processors :
  Max Mhz: 3401, Current Mhz: 3401, Mhz Limit: 3401

Memory: 4k page, system-wide physical 8066M (361M free)
TotalPageFile size 32642M (AvailPageFile size 557M)
current process WorkingSet (physical memory assigned to process): 8M, peak: 8M
current process commit charge ("private bytes"): 60M, peak: 2108M

vm_info: Java HotSpot(TM) 64-Bit Server VM (21.0.2+13-LTS-58) for windows-amd64 JRE (21.0.2+13-LTS-58), built on 2024-01-05T18:32:24Z by "mach5one" with MS VC++ 17.1 (VS2022)

END.
